#
# There is insufficient memory for the Java Runtime Environment to continue.
# Native memory allocation (mmap) failed to map 132120576 bytes for Failed to commit area from 0x0000000082000000 to 0x0000000089e00000 of length 132120576.
# Possible reasons:
#   The system is out of physical RAM or swap space
#   The process is running with CompressedOops enabled, and the Java Heap may be blocking the growth of the native heap
# Possible solutions:
#   Reduce memory load on the system
#   Increase physical memory or swap space
#   Check if swap backing store is full
#   Decrease Java heap size (-Xmx/-Xms)
#   Decrease number of Java threads
#   Decrease Java thread stack sizes (-Xss)
#   Set larger code cache with -XX:ReservedCodeCacheSize=
# This output file may be truncated or incomplete.
#
#  Out of Memory Error (t:/workspace/open/src/hotspot/os/windows/os_windows.cpp:3221), pid=11160, tid=6856
#
# JRE version:  (10.0.2+13) (build )
# Java VM: Java HotSpot(TM) 64-Bit Server VM (10.0.2+13, mixed mode, aot, tiered, compressed oops, g1 gc, windows-amd64)
# No core dump will be written. Minidumps are not enabled by default on client versions of Windows
#

---------------  S U M M A R Y ------------

Command Line: -agentlib:jdwp=transport=dt_socket,address=127.0.0.1:55252,suspend=y,server=n -javaagent:C:\Users\User\.IntelliJIdea2018.2\system\captureAgent\debugger-agent.jar=file:/C:/Users/User/AppData/Local/Temp/capture.props -Dfile.encoding=UTF-8 com.epam.Main

Host: Intel(R) Core(TM) i5-8250U CPU @ 1.60GHz, 8 cores, 7G,  Windows 10 , 64 bit Build 17134 (10.0.17134.1)
Time: Wed Nov 07 21:05:31 2018 RTZ 2 (ceia) elapsed time: 0 seconds (0d 0h 0m 0s)

---------------  T H R E A D  ---------------

Current thread (0x0000015f8bba6000):  JavaThread "Unknown thread" [_thread_in_vm, id=6856, stack(0x0000002374500000,0x0000002374600000)]

Stack: [0x0000002374500000,0x0000002374600000]
Native frames: (J=compiled Java code, j=interpreted, Vv=VM code, C=native code)
V  [jvm.dll+0x5a01a9]
V  [jvm.dll+0x6bcf31]
V  [jvm.dll+0x6be126]
V  [jvm.dll+0x6be7b3]
V  [jvm.dll+0x234978]
V  [jvm.dll+0x59dac4]
V  [jvm.dll+0x592825]
V  [jvm.dll+0x2f632b]
V  [jvm.dll+0x2f6295]
V  [jvm.dll+0x2f6172]
V  [jvm.dll+0x2f8366]
V  [jvm.dll+0x344293]
V  [jvm.dll+0x3449a6]
V  [jvm.dll+0x344393]
V  [jvm.dll+0x2c4628]
V  [jvm.dll+0x2c5771]
V  [jvm.dll+0x69d1db]
V  [jvm.dll+0x69e9fc]
V  [jvm.dll+0x3519e9]
V  [jvm.dll+0x6856a2]
V  [jvm.dll+0x3ba0c3]
V  [jvm.dll+0x3bc261]
C  [java.exe+0x3531]
C  [java.exe+0xe1af]
C  [java.exe+0xe356]
C  [KERNEL32.DLL+0x13034]
C  [ntdll.dll+0x71461]


---------------  P R O C E S S  ---------------

Threads class SMR info:
_java_thread_list=0x0000015f89ad6910, length=0, elements={
}

Java Threads: ( => current thread )

Other Threads:
  0x0000015f8bbc0000 GCTaskThread "GC Thread#0" [stack: 0x0000002374600000,0x0000002374700000] [id=4212]
  0x0000015f8bbc1800 GCTaskThread "GC Thread#1" [stack: 0x0000002374700000,0x0000002374800000] [id=3524]
  0x0000015f8bbc3000 GCTaskThread "GC Thread#2" [stack: 0x0000002374800000,0x0000002374900000] [id=4232]
  0x0000015f8bbc6000 GCTaskThread "GC Thread#3" [stack: 0x0000002374900000,0x0000002374a00000] [id=4976]
  0x0000015f8bbc9000 GCTaskThread "GC Thread#4" [stack: 0x0000002374a00000,0x0000002374b00000] [id=8000]
  0x0000015f8bbcd800 GCTaskThread "GC Thread#5" [stack: 0x0000002374b00000,0x0000002374c00000] [id=10700]
  0x0000015f8bbcf800 GCTaskThread "GC Thread#6" [stack: 0x0000002374c00000,0x0000002374d00000] [id=6604]
  0x0000015f8bbd1800 GCTaskThread "GC Thread#7" [stack: 0x0000002374d00000,0x0000002374e00000] [id=12968]
  0x0000015f8bc43800 ConcurrentGCThread "G1 Main Marker" [stack: 0x0000002374e00000,0x0000002374f00000] [id=11344]
  0x0000015f8bc46800 ConcurrentGCThread "G1 Conc#0" [stack: 0x0000002374f00000,0x0000002375000000] [id=9676]
  0x0000015f8bc47000 ConcurrentGCThread "G1 Conc#1" [stack: 0x0000002375000000,0x0000002375100000] [id=7528]

[error occurred during error reporting (printing all threads), id 0xe0000002]

VM state:not at safepoint (not fully initialized)

VM Mutex/Monitor currently owned by a thread:  ([mutex/lock_event])
[0x0000015f8bba2960] Heap_lock - owner thread: 0x0000015f8bba6000

Heap address: 0x0000000082000000, size: 2016 MB, Compressed Oops mode: Non-zero based: 0x0000000082000000
Narrow klass base: 0x0000000000000000, Narrow klass shift: 0

GC Heap History (0 events):
No events

Deoptimization events (0 events):
No events

Classes redefined (0 events):
No events

Internal exceptions (0 events):
No events

Events (0 events):
No events


Dynamic libraries:
0x00007ff610390000 - 0x00007ff6103ce000 	C:\Program Files\Java\jdk-10.0.2\bin\java.exe
0x00007ffb81a80000 - 0x00007ffb81c61000 	C:\Windows\SYSTEM32\ntdll.dll
0x00007ffb81130000 - 0x00007ffb811e2000 	C:\Windows\System32\KERNEL32.DLL
0x00007ffb7e8c0000 - 0x00007ffb7eb33000 	C:\Windows\System32\KERNELBASE.dll
0x00007ffb81080000 - 0x00007ffb81121000 	C:\Windows\System32\ADVAPI32.dll
0x00007ffb80470000 - 0x00007ffb8050e000 	C:\Windows\System32\msvcrt.dll
0x00007ffb80510000 - 0x00007ffb8056b000 	C:\Windows\System32\sechost.dll
0x00007ffb81920000 - 0x00007ffb81a44000 	C:\Windows\System32\RPCRT4.dll
0x00007ffb80970000 - 0x00007ffb80b00000 	C:\Windows\System32\USER32.dll
0x00007ffb7de50000 - 0x00007ffb7de70000 	C:\Windows\System32\win32u.dll
0x00007ffb805a0000 - 0x00007ffb805c8000 	C:\Windows\System32\GDI32.dll
0x00007ffb7ed70000 - 0x00007ffb7ef02000 	C:\Windows\System32\gdi32full.dll
0x00007ffb7eba0000 - 0x00007ffb7ec3f000 	C:\Windows\System32\msvcp_win.dll
0x00007ffb7de70000 - 0x00007ffb7df6a000 	C:\Windows\System32\ucrtbase.dll
0x00007ffb6c9d0000 - 0x00007ffb6cc39000 	C:\Windows\WinSxS\amd64_microsoft.windows.common-controls_6595b64144ccf1df_6.0.17134.345_none_fb429a5930656358\COMCTL32.dll
0x00007ffb78bf0000 - 0x00007ffb78bfa000 	C:\Windows\SYSTEM32\VERSION.dll
0x00007ffb813d0000 - 0x00007ffb816f3000 	C:\Windows\System32\combase.dll
0x00007ffb7ecf0000 - 0x00007ffb7ed6a000 	C:\Windows\System32\bcryptPrimitives.dll
0x00007ffb80570000 - 0x00007ffb8059d000 	C:\Windows\System32\IMM32.DLL
0x00007ffb679b0000 - 0x00007ffb67a9f000 	C:\Program Files\Java\jdk-10.0.2\bin\msvcr120.dll
0x00007ffb67900000 - 0x00007ffb679a6000 	C:\Program Files\Java\jdk-10.0.2\bin\msvcp120.dll
0x0000000067510000 - 0x0000000067f80000 	C:\Program Files\Java\jdk-10.0.2\bin\server\jvm.dll
0x00007ffb80350000 - 0x00007ffb80358000 	C:\Windows\System32\PSAPI.DLL
0x00007ffb7a680000 - 0x00007ffb7a689000 	C:\Windows\SYSTEM32\WSOCK32.dll
0x00007ffb7ab50000 - 0x00007ffb7ab73000 	C:\Windows\SYSTEM32\WINMM.dll
0x00007ffb80bc0000 - 0x00007ffb80c2c000 	C:\Windows\System32\WS2_32.dll
0x00007ffb7a8c0000 - 0x00007ffb7a8ea000 	C:\Windows\SYSTEM32\winmmbase.dll
0x00007ffb7e870000 - 0x00007ffb7e8b9000 	C:\Windows\System32\cfgmgr32.dll
0x00007ffb7ac90000 - 0x00007ffb7ac9f000 	C:\Program Files\Java\jdk-10.0.2\bin\verify.dll
0x00007ffb6d4a0000 - 0x00007ffb6d669000 	C:\Windows\SYSTEM32\DBGHELP.DLL
0x00007ffb6c340000 - 0x00007ffb6c369000 	C:\Windows\SYSTEM32\dbgcore.DLL
0x00007ffb7a740000 - 0x00007ffb7a767000 	C:\Program Files\Java\jdk-10.0.2\bin\java.dll
0x00007ffb671c0000 - 0x00007ffb671f6000 	C:\Program Files\Java\jdk-10.0.2\bin\jdwp.dll
0x00007ffb678d0000 - 0x00007ffb678fa000 	C:\Program Files\Java\jdk-10.0.2\bin\instrument.dll
0x00007ffb7a720000 - 0x00007ffb7a736000 	C:\Program Files\Java\jdk-10.0.2\bin\zip.dll
0x00007ffb7ac80000 - 0x00007ffb7ac8a000 	C:\Program Files\Java\jdk-10.0.2\bin\jimage.dll

dbghelp: loaded successfully - version: 4.0.5 - missing functions: none
symbol engine: initialized successfully - sym options: 0x614 - pdb path: .;C:\Program Files\Java\jdk-10.0.2\bin;C:\Windows\SYSTEM32;C:\Windows\WinSxS\amd64_microsoft.windows.common-controls_6595b64144ccf1df_6.0.17134.345_none_fb429a5930656358;C:\Program Files\Java\jdk-10.0.2\bin\server

VM Arguments:
jvm_args: -agentlib:jdwp=transport=dt_socket,address=127.0.0.1:55252,suspend=y,server=n -javaagent:C:\Users\User\.IntelliJIdea2018.2\system\captureAgent\debugger-agent.jar=file:/C:/Users/User/AppData/Local/Temp/capture.props -Dfile.encoding=UTF-8 
java_command: com.epam.Main
java_class_path (initial): D:\IdeaProjects\HT0\Prj02\out\production\Prj02;C:\Users\User\Desktop\beaglebuddy_mp3\beaglebuddy_mp3\jar\beaglebuddy_mp3.jar;C:\Program Files\JetBrains\IntelliJ IDEA 2018.2.2\lib\idea_rt.jar
Launcher Type: SUN_STANDARD

Logging:
Log output configuration:
#0: stdout all=warning uptime,level,tags
#1: stderr all=off uptime,level,tags

Environment Variables:
JAVA_HOME=C:\Program Files\Java\jdk-10.0.2
CLASSPATH=.;C:\Program Files\Java\jdk-10.0.2\lib
PATH="C:\Program Files (x86)\Common Files\Oracle\Java\javapath;C:\Program Files\Java\jdk-10.0.2\bin";C:\Windows\system32;C:\Windows;C:\Windows\System32\Wbem;C:\Windows\System32\WindowsPowerShell\v1.0\;C:\Windows\System32\OpenSSH\;C:\Program Files (x86)\NVIDIA Corporation\PhysX\Common;C:\Program Files\Git\cmd;C:\Users\User\AppData\Local\Microsoft\WindowsApps;C:\Program Files\Java\jdk-10.0.2\bin
USERNAME=User
OS=Windows_NT
PROCESSOR_IDENTIFIER=Intel64 Family 6 Model 142 Stepping 10, GenuineIntel



---------------  S Y S T E M  ---------------

OS: Windows 10 , 64 bit Build 17134 (10.0.17134.1)

CPU:total 8 (initial active 8) (4 cores per cpu, 2 threads per core) family 6 model 142 stepping 10, cmov, cx8, fxsr, mmx, sse, sse2, sse3, ssse3, sse4.1, sse4.2, popcnt, avx, avx2, aes, clmul, erms, 3dnowpref, lzcnt, ht, tsc, tscinvbit, bmi1, bmi2, adx, fma

Memory: 4k page, physical 8251700k(1671988k free), swap 8251700k(127952k free)

vm_info: Java HotSpot(TM) 64-Bit Server VM (10.0.2+13) for windows-amd64 JRE (10.0.2+13), built on Jun 28 2018 01:57:56 by "mach5one" with MS VC++ 12.0 (VS2013)

END.
